\BOOKMARK [0][-]{Doc-Start}{\376\377\000H\000A\000L\000A\000M\000A\000N\000\040\000J\000U\000D\000U\000L}{}% 1
\BOOKMARK [0][-]{Doc-Start}{\376\377\000A\000B\000S\000T\000R\000A\000K}{}% 2
\BOOKMARK [0][-]{Doc-Start}{\376\377\000A\000B\000S\000T\000R\000A\000C\000T}{}% 3
\BOOKMARK [0][-]{Doc-Start}{\376\377\000K\000A\000T\000A\000\040\000P\000E\000N\000G\000A\000N\000T\000A\000R}{}% 4
\BOOKMARK [0][-]{Item.6}{\376\377\000D\000A\000F\000T\000A\000R\000\040\000I\000S\000I}{}% 5
\BOOKMARK [0][-]{Item.6}{\376\377\000D\000A\000F\000T\000A\000R\000\040\000G\000A\000M\000B\000A\000R}{}% 6
\BOOKMARK [0][-]{Item.6}{\376\377\000D\000A\000F\000T\000A\000R\000\040\000T\000A\000B\000E\000L}{}% 7
\BOOKMARK [0][-]{chapter.1}{\376\377\000P\000E\000N\000D\000A\000H\000U\000L\000U\000A\000N}{}% 8
\BOOKMARK [1][-]{section.1.1}{\376\377\000L\000a\000t\000a\000r\000\040\000B\000e\000l\000a\000k\000a\000n\000g}{chapter.1}% 9
\BOOKMARK [1][-]{section.1.2}{\376\377\000R\000u\000m\000u\000s\000a\000n\000\040\000M\000a\000s\000a\000l\000a\000h}{chapter.1}% 10
\BOOKMARK [1][-]{section.1.3}{\376\377\000T\000u\000j\000u\000a\000n\000\040\000P\000e\000n\000e\000l\000i\000t\000i\000a\000n}{chapter.1}% 11
\BOOKMARK [1][-]{section.1.4}{\376\377\000B\000a\000t\000a\000s\000a\000n\000\040\000M\000a\000s\000a\000l\000a\000h}{chapter.1}% 12
\BOOKMARK [1][-]{section.1.5}{\376\377\000M\000a\000n\000f\000a\000a\000t\000\040\000P\000e\000n\000e\000l\000i\000t\000i\000a\000n}{chapter.1}% 13
\BOOKMARK [0][-]{chapter.2}{\376\377\000T\000I\000N\000J\000A\000U\000A\000N\000\040\000P\000U\000S\000T\000A\000K\000A}{}% 14
\BOOKMARK [1][-]{section.2.1}{\376\377\000D\000a\000s\000a\000r\000-\000D\000a\000s\000a\000r\000\040\000R\000u\000a\000n\000g\000\040\000R\000e\000s\000i\000p\000r\000o\000k\000a\000l\000\040\000d\000a\000n\000\040\000Z\000o\000n\000a\000\040\000B\000r\000i\000l\000l\000o\000u\000i\000n}{chapter.2}% 15
\BOOKMARK [2][-]{subsection.2.1.1}{\376\377\000D\000a\000r\000i\000\040\000K\000i\000s\000i\000\040\000K\000r\000i\000s\000t\000a\000l\000\040\000k\000e\000\040\000K\000i\000s\000i\000\040\000R\000e\000s\000i\000p\000r\000o\000k\000a\000l\000:\000\040\000B\000a\000h\000a\000s\000a\000\040\000G\000e\000l\000o\000m\000b\000a\000n\000g\000\040\000d\000a\000l\000a\000m\000\040\000K\000r\000i\000s\000t\000a\000l}{section.2.1}% 16
\BOOKMARK [2][-]{subsection.2.1.2}{\376\377\000Z\000o\000n\000a\000\040\000B\000r\000i\000l\000l\000o\000u\000i\000n\000\040\000P\000e\000r\000t\000a\000m\000a\000:\000\040\000K\000o\000n\000s\000t\000r\000u\000k\000s\000i\000\040\000d\000a\000n\000\040\000S\000i\000g\000n\000i\000f\000i\000k\000a\000n\000s\000i\000\040\000F\000i\000s\000i\000k}{section.2.1}% 17
\BOOKMARK [2][-]{subsection.2.1.3}{\376\377\000T\000i\000t\000i\000k\000\040\000d\000a\000n\000\040\000J\000a\000l\000u\000r\000\040\000S\000i\000m\000e\000t\000r\000i\000\040\000T\000i\000n\000g\000g\000i\000:\000\040\000P\000e\000t\000a\000\040\000J\000a\000l\000a\000n\000\040\000u\000n\000t\000u\000k\000\040\000M\000e\000m\000a\000h\000a\000m\000i\000\040\000S\000i\000f\000a\000t\000\040\000M\000a\000t\000e\000r\000i\000a\000l}{section.2.1}% 18
\BOOKMARK [1][-]{section.2.2}{\376\377\000M\000a\000t\000e\000r\000i\000a\000l\000\040\0002\000D}{chapter.2}% 19
\BOOKMARK [2][-]{subsection.2.2.1}{\376\377\000D\000e\000s\000k\000r\000i\000p\000s\000i\000\040\000M\000a\000t\000e\000r\000i\000a\000l\000\040\0002\000D}{section.2.2}% 20
\BOOKMARK [2][-]{subsection.2.2.2}{\376\377\000S\000i\000f\000a\000t\000\040\000S\000t\000r\000u\000k\000t\000u\000r\000a\000l\000\040\000d\000a\000n\000\040\000M\000e\000k\000a\000n\000i\000k}{section.2.2}% 21
\BOOKMARK [2][-]{subsection.2.2.3}{\376\377\000S\000i\000f\000a\000t\000\040\000E\000l\000e\000k\000t\000r\000o\000n\000i\000k\000\040\000d\000a\000n\000\040\000O\000p\000t\000i\000k}{section.2.2}% 22
\BOOKMARK [2][-]{subsection.2.2.4}{\376\377\000S\000i\000f\000a\000t\000\040\000T\000e\000r\000m\000a\000l\000\040\000d\000a\000n\000\040\000T\000r\000a\000n\000s\000p\000o\000r\000t\000a\000s\000i}{section.2.2}% 23
\BOOKMARK [2][-]{subsection.2.2.5}{\376\377\000A\000p\000l\000i\000k\000a\000s\000i\000\040\000d\000a\000n\000\040\000P\000r\000o\000s\000p\000e\000k\000\040\000R\000i\000s\000e\000t\000\040\000M\000a\000t\000e\000r\000i\000a\000l\000\040\0002\000D}{section.2.2}% 24
\BOOKMARK [1][-]{section.2.3}{\376\377\000h\000B\000N}{chapter.2}% 25
\BOOKMARK [2][-]{subsection.2.3.1}{\376\377\000S\000t\000r\000u\000k\000t\000u\000r\000\040\000K\000r\000i\000s\000t\000a\000l\000\040\000h\000B\000N}{section.2.3}% 26
\BOOKMARK [2][-]{subsection.2.3.2}{\376\377\000S\000i\000f\000a\000t\000\040\000F\000i\000s\000i\000k\000,\000\040\000E\000l\000e\000k\000t\000r\000o\000n\000i\000k\000,\000\040\000M\000a\000g\000n\000e\000t\000i\000k\000,\000\040\000d\000a\000n\000\040\000T\000e\000r\000m\000a\000l\000\040\000h\000B\000N}{section.2.3}% 27
\BOOKMARK [2][-]{subsection.2.3.3}{\376\377\000P\000o\000t\000e\000n\000s\000i\000\040\000A\000p\000l\000i\000k\000a\000s\000i\000\040\000h\000B\000N}{section.2.3}% 28
\BOOKMARK [1][-]{section.2.4}{\376\377\000S\000t\000u\000d\000i\000\040\000T\000e\000r\000d\000a\000h\000u\000l\000u\000\040\000T\000e\000r\000k\000a\000i\000t\000\040\000h\000B\000N}{chapter.2}% 29
\BOOKMARK [2][-]{subsection.2.4.1}{\376\377\000T\000i\000n\000j\000a\000u\000a\000n\000\040\000E\000k\000s\000p\000e\000r\000i\000m\000e\000n\000t\000a\000l}{section.2.4}% 30
\BOOKMARK [2][-]{subsection.2.4.2}{\376\377\000T\000i\000n\000j\000a\000u\000a\000n\000\040\000T\000e\000o\000r\000i\000t\000i\000s\000\040\000d\000a\000n\000\040\000K\000o\000m\000p\000u\000t\000a\000s\000i\000o\000n\000a\000l}{section.2.4}% 31
\BOOKMARK [2][-]{subsection.2.4.3}{\376\377\000S\000t\000u\000d\000i\000\040\000t\000e\000n\000t\000a\000n\000g\000\040\000C\000a\000c\000a\000t\000\040\000d\000a\000n\000\040\000I\000m\000p\000u\000r\000i\000t\000a\000s\000\040\000p\000a\000d\000a\000\040\000h\000B\000N}{section.2.4}% 32
\BOOKMARK [2][-]{subsection.2.4.4}{\376\377\000I\000n\000t\000e\000g\000r\000a\000s\000i\000\040\000S\000t\000u\000d\000i\000\040\000E\000k\000s\000p\000e\000r\000i\000m\000e\000n\000t\000a\000l\000\040\000d\000a\000n\000\040\000K\000o\000m\000p\000u\000t\000a\000s\000i\000o\000n\000a\000l}{section.2.4}% 33
\BOOKMARK [1][-]{section.2.5}{\376\377\000D\000i\000n\000a\000m\000i\000k\000a\000\040\000M\000o\000l\000e\000k\000u\000l\000e\000r}{chapter.2}% 34
\BOOKMARK [2][-]{subsection.2.5.1}{\376\377\000P\000e\000r\000s\000a\000m\000a\000a\000n\000\040\000G\000e\000r\000a\000k\000\040\000d\000a\000n\000\040\000P\000r\000i\000n\000s\000i\000p\000\040\000D\000a\000s\000a\000r}{section.2.5}% 35
\BOOKMARK [2][-]{subsection.2.5.2}{\376\377\000M\000e\000d\000a\000n\000\040\000G\000a\000y\000a\000\040\000d\000a\000n\000\040\000P\000o\000t\000e\000n\000s\000i\000a\000l\000\040\000I\000n\000t\000e\000r\000a\000k\000s\000i}{section.2.5}% 36
\BOOKMARK [2][-]{subsection.2.5.3}{\376\377\000E\000n\000s\000e\000m\000b\000l\000e\000\040\000d\000a\000l\000a\000m\000\040\000S\000i\000m\000u\000l\000a\000s\000i\000\040\000M\000D}{section.2.5}% 37
\BOOKMARK [2][-]{subsection.2.5.4}{\376\377\000A\000l\000g\000o\000r\000i\000t\000m\000a\000\040\000V\000e\000r\000l\000e\000t\000\040\000d\000a\000n\000\040\000M\000e\000t\000o\000d\000e\000\040\000I\000n\000t\000e\000g\000r\000a\000s\000i\000\040\000W\000a\000k\000t\000u}{section.2.5}% 38
\BOOKMARK [2][-]{subsection.2.5.5}{\376\377\000P\000e\000n\000g\000a\000t\000u\000r\000a\000n\000\040\000T\000e\000m\000p\000e\000r\000a\000t\000u\000r\000:\000\040\000T\000h\000e\000r\000m\000o\000s\000t\000a\000t\000\040\000d\000a\000n\000\040\000B\000a\000r\000o\000s\000t\000a\000t}{section.2.5}% 39
\BOOKMARK [2][-]{subsection.2.5.6}{\376\377\000I\000m\000p\000l\000e\000m\000e\000n\000t\000a\000s\000i\000\040\000S\000i\000m\000u\000l\000a\000s\000i\000\040\000d\000e\000n\000g\000a\000n\000\040\000L\000A\000M\000M\000P\000S}{section.2.5}% 40
\BOOKMARK [2][-]{subsection.2.5.7}{\376\377\000P\000e\000n\000d\000e\000k\000a\000t\000a\000n\000\040\000L\000a\000n\000j\000u\000t\000a\000n\000\040\000d\000a\000n\000\040\000I\000m\000p\000l\000e\000m\000e\000n\000t\000a\000s\000i\000\040\000P\000r\000a\000k\000t\000i\000s\000\040\000M\000D}{section.2.5}% 41
\BOOKMARK [1][-]{section.2.6}{\376\377\000D\000e\000n\000s\000i\000t\000y\000\040\000F\000u\000n\000c\000t\000i\000o\000n\000a\000l\000\040\000T\000h\000e\000o\000r\000y\000\040\000\050\000D\000F\000T\000\051}{chapter.2}% 42
\BOOKMARK [2][-]{subsection.2.6.1}{\376\377\000P\000e\000r\000s\000a\000m\000a\000a\000n\000\040\000S\000c\000h\000r\000\366\000d\000i\000n\000g\000e\000r}{section.2.6}% 43
\BOOKMARK [2][-]{subsection.2.6.2}{\376\377\000M\000o\000d\000e\000l\000\040\000T\000h\000o\000m\000a\000s\000-\000F\000e\000r\000m\000i}{section.2.6}% 44
\BOOKMARK [2][-]{subsection.2.6.3}{\376\377\000M\000e\000t\000o\000d\000e\000\040\000H\000a\000r\000t\000r\000e\000e\000-\000F\000o\000c\000k}{section.2.6}% 45
\BOOKMARK [2][-]{subsection.2.6.4}{\376\377\000T\000e\000o\000r\000e\000m\000a\000\040\000H\000o\000h\000e\000n\000b\000e\000r\000g\000-\000K\000o\000h\000n\000\040\000d\000a\000n\000\040\000P\000e\000r\000s\000a\000m\000a\000a\000n\000\040\000K\000o\000h\000n\000-\000S\000h\000a\000m}{section.2.6}% 46
\BOOKMARK [2][-]{subsection.2.6.5}{\376\377\000F\000u\000n\000g\000s\000i\000o\000n\000a\000l\000\040\000P\000e\000r\000t\000u\000k\000a\000r\000a\000n\000-\000K\000o\000r\000e\000l\000a\000s\000i\000\040\000\050\000X\000C\000\051}{section.2.6}% 47
\BOOKMARK [2][-]{subsection.2.6.6}{\376\377\000P\000o\000t\000e\000n\000s\000i\000a\000l\000\040\000S\000e\000m\000u\000\040\000\050\000P\000s\000e\000u\000d\000o\000p\000o\000t\000e\000n\000t\000i\000a\000l\000s\000\051}{section.2.6}% 48
\BOOKMARK [2][-]{subsection.2.6.7}{\376\377\000M\000e\000t\000o\000d\000e\000\040\000P\000A\000W\000\040\000\050\000P\000r\000o\000j\000e\000c\000t\000o\000r\000\040\000A\000u\000g\000m\000e\000n\000t\000e\000d\000-\000W\000a\000v\000e\000\051}{section.2.6}% 49
\BOOKMARK [2][-]{subsection.2.6.8}{\376\377\000Q\000u\000a\000n\000t\000u\000m\000\040\000E\000s\000p\000r\000e\000s\000s\000o}{section.2.6}% 50
\BOOKMARK [1][-]{section.2.7}{\376\377\000S\000t\000u\000d\000i\000\040\000L\000a\000n\000j\000u\000t\000a\000n\000\040\000d\000a\000n\000\040\000P\000e\000n\000g\000e\000m\000b\000a\000n\000g\000a\000n\000\040\000M\000e\000t\000o\000d\000o\000l\000o\000g\000i}{chapter.2}% 51
\BOOKMARK [0][-]{chapter.3}{\376\377\000M\000E\000T\000O\000D\000O\000L\000O\000G\000I\000\040\000P\000E\000N\000E\000L\000I\000T\000I\000A\000N}{}% 52
\BOOKMARK [1][-]{section.3.1}{\376\377\000P\000e\000r\000a\000n\000g\000k\000a\000t\000\040\000P\000e\000n\000e\000l\000i\000t\000i\000a\000n}{chapter.3}% 53
\BOOKMARK [2][-]{subsection.3.1.1}{\376\377\000P\000e\000r\000a\000n\000g\000k\000a\000t\000\040\000K\000e\000r\000a\000s}{section.3.1}% 54
\BOOKMARK [2][-]{subsection.3.1.2}{\376\377\000P\000e\000r\000a\000n\000g\000k\000a\000t\000\040\000L\000u\000n\000a\000k}{section.3.1}% 55
\BOOKMARK [1][-]{section.3.2}{\376\377\000P\000r\000o\000s\000e\000d\000u\000r\000\040\000P\000e\000n\000e\000l\000i\000t\000i\000a\000n}{chapter.3}% 56
\BOOKMARK [2][-]{subsection.3.2.1}{\376\377\000T\000a\000h\000a\000p\000\040\0001\000:\000\040\000G\000e\000n\000e\000r\000a\000s\000i\000\040\000S\000t\000r\000u\000k\000t\000u\000r\000\040\000T\000e\000r\000m\000a\000l\000\040\000d\000e\000n\000g\000a\000n\000\040\000D\000i\000n\000a\000m\000i\000k\000a\000\040\000M\000o\000l\000e\000k\000u\000l\000e\000r}{section.3.2}% 57
\BOOKMARK [2][-]{subsection.3.2.2}{\376\377\000T\000a\000h\000a\000p\000\040\0002\000:\000\040\000K\000a\000l\000k\000u\000l\000a\000s\000i\000\040\000S\000i\000f\000a\000t\000\040\000E\000l\000e\000k\000t\000r\000o\000n\000i\000k\000\040\000d\000e\000n\000g\000a\000n\000\040\000T\000e\000o\000r\000i\000\040\000F\000u\000n\000g\000s\000i\000o\000n\000a\000l\000\040\000K\000e\000r\000a\000p\000a\000t\000a\000n}{section.3.2}% 58
\BOOKMARK [0][-]{chapter.4}{\376\377\000H\000A\000S\000I\000L\000\040\000D\000A\000N\000\040\000P\000E\000M\000B\000A\000H\000A\000S\000A\000N}{}% 59
\BOOKMARK [1][-]{section.4.1}{\376\377\000T\000i\000n\000j\000a\000u\000a\000n\000\040\000K\000r\000i\000t\000i\000s\000\040\000M\000e\000t\000o\000d\000o\000l\000o\000g\000i\000\040\000K\000o\000m\000p\000u\000t\000a\000s\000i\000\040\000y\000a\000n\000g\000\040\000D\000i\000g\000u\000n\000a\000k\000a\000n}{chapter.4}% 60
\BOOKMARK [2][-]{subsection.4.1.1}{\376\377\000G\000e\000n\000e\000r\000a\000s\000i\000\040\000S\000t\000r\000u\000k\000t\000u\000r\000\040\000m\000e\000l\000a\000l\000u\000i\000\040\000D\000i\000n\000a\000m\000i\000k\000a\000\040\000M\000o\000l\000e\000k\000u\000l\000e\000r\000\040\000\050\000M\000D\000\051\000\040\000d\000e\000n\000g\000a\000n\000\040\000L\000A\000M\000M\000P\000S}{section.4.1}% 61
\BOOKMARK [2][-]{subsection.4.1.2}{\376\377\000K\000a\000l\000k\000u\000l\000a\000s\000i\000\040\000S\000i\000f\000a\000t\000\040\000E\000l\000e\000k\000t\000r\000o\000n\000i\000k\000\040\000m\000e\000l\000a\000l\000u\000i\000\040\000T\000e\000o\000r\000i\000\040\000F\000u\000n\000g\000s\000i\000o\000n\000a\000l\000\040\000K\000e\000r\000a\000p\000a\000t\000a\000n\000\040\000\050\000D\000F\000T\000\051\000\040\000d\000e\000n\000g\000a\000n\000\040\000Q\000u\000a\000n\000t\000u\000m\000\040\000E\000S\000P\000R\000E\000S\000S\000O}{section.4.1}% 62
\BOOKMARK [1][-]{section.4.2}{\376\377\000A\000n\000a\000l\000i\000s\000i\000s\000\040\000S\000i\000f\000a\000t\000\040\000E\000l\000e\000k\000t\000r\000o\000n\000i\000k\000\040\000d\000a\000n\000\040\000M\000a\000g\000n\000e\000t\000i\000k\000\040\000M\000o\000n\000o\000l\000a\000y\000e\000r\000\040\000h\000B\000N\000\040\000M\000u\000r\000n\000i}{chapter.4}% 63
\BOOKMARK [2][-]{subsection.4.2.1}{\376\377\000K\000a\000r\000a\000k\000t\000e\000r\000i\000s\000t\000i\000k\000\040\000E\000l\000e\000k\000t\000r\000o\000n\000i\000k\000\040\000D\000a\000s\000a\000r\000\040\000h\000B\000N\000\040\000M\000u\000r\000n\000i\000\040\000\050\000S\000i\000s\000t\000e\000m\000\040\000R\000e\000f\000e\000r\000e\000n\000s\000i\000\051}{section.4.2}% 64
\BOOKMARK [2][-]{subsection.4.2.2}{\376\377\000P\000e\000n\000g\000a\000r\000u\000h\000\040\000P\000e\000r\000l\000a\000k\000u\000a\000n\000\040\000T\000e\000r\000m\000a\000l\000\040\000p\000a\000d\000a\000\040\000h\000B\000N\000\040\000M\000u\000r\000n\000i\000\040\000\050\0008\0000\0000\000K\000,\000\040\0001\0001\0000\0000\000K\000,\000\040\000d\000a\000n\000\040\0001\0002\0002\0005\000K\000\051}{section.4.2}% 65
\BOOKMARK [1][-]{section.4.3}{\376\377\000D\000a\000m\000p\000a\000k\000\040\000D\000e\000f\000e\000k\000\040\000A\000n\000t\000i\000s\000i\000t\000e\000\040\000p\000a\000d\000a\000\040\000S\000i\000f\000a\000t\000\040\000E\000l\000e\000k\000t\000r\000o\000n\000i\000k\000\040\000d\000a\000n\000\040\000M\000a\000g\000n\000e\000t\000i\000k\000\040\000h\000B\000N}{chapter.4}% 66
\BOOKMARK [2][-]{subsection.4.3.1}{\376\377\000M\000o\000n\000o\000l\000a\000y\000e\000r\000\040\000h\000B\000N\000\040\000d\000e\000n\000g\000a\000n\000\040\000D\000e\000f\000e\000k\000\040\000A\000n\000t\000i\000s\000i\000t\000e\000\040\000N\000B\000\040\000\050\000"\000N\000N\000\040\000d\000e\000f\000e\000c\000t\000"\000\051}{section.4.3}% 67
\BOOKMARK [2][-]{subsection.4.3.2}{\376\377\000M\000o\000n\000o\000l\000a\000y\000e\000r\000\040\000h\000B\000N\000\040\000d\000e\000n\000g\000a\000n\000\040\000D\000e\000f\000e\000k\000\040\000A\000n\000t\000i\000s\000i\000t\000e\000\040\000B\000N\000\040\000\050\000"\000B\000B\000\040\000d\000e\000f\000e\000c\000t\000"\000\051}{section.4.3}% 68
\BOOKMARK [1][-]{section.4.4}{\376\377\000D\000i\000s\000k\000u\000s\000i\000\040\000K\000o\000m\000p\000r\000e\000h\000e\000n\000s\000i\000f\000\040\000d\000a\000n\000\040\000I\000m\000p\000l\000i\000k\000a\000s\000i\000\040\000H\000a\000s\000i\000l}{chapter.4}% 69
\BOOKMARK [2][-]{subsection.4.4.1}{\376\377\000A\000n\000a\000l\000i\000s\000i\000s\000\040\000P\000e\000r\000b\000a\000n\000d\000i\000n\000g\000a\000n\000\040\000C\000e\000l\000a\000h\000\040\000P\000i\000t\000a\000\040\000E\000n\000e\000r\000g\000i\000\040\000A\000n\000t\000a\000r\000\040\000S\000i\000s\000t\000e\000m}{section.4.4}% 70
\BOOKMARK [2][-]{subsection.4.4.2}{\376\377\000A\000s\000a\000l\000\040\000U\000s\000u\000l\000\040\000d\000a\000n\000\040\000S\000i\000f\000a\000t\000\040\000M\000a\000g\000n\000e\000t\000i\000s\000m\000e\000\040\000p\000a\000d\000a\000\040\000h\000B\000N\000\040\000d\000e\000n\000g\000a\000n\000\040\000D\000e\000f\000e\000k\000\040\000B\000N}{section.4.4}% 71
\BOOKMARK [2][-]{subsection.4.4.3}{\376\377\000I\000n\000t\000e\000r\000p\000l\000a\000y\000\040\000K\000r\000i\000t\000i\000s\000\040\000a\000n\000t\000a\000r\000a\000\040\000D\000i\000n\000a\000m\000i\000k\000a\000\040\000S\000t\000r\000u\000k\000t\000u\000r\000a\000l\000\040\000M\000D\000\040\000d\000a\000n\000\040\000S\000i\000f\000a\000t\000\040\000K\000u\000a\000n\000t\000u\000m\000\040\000D\000F\000T}{section.4.4}% 72
\BOOKMARK [2][-]{subsection.4.4.4}{\376\377\000I\000m\000p\000l\000i\000k\000a\000s\000i\000\040\000T\000e\000m\000u\000a\000n\000\040\000u\000n\000t\000u\000k\000\040\000A\000p\000l\000i\000k\000a\000s\000i\000\040\000P\000o\000t\000e\000n\000s\000i\000a\000l}{section.4.4}% 73
\BOOKMARK [0][-]{chapter.5}{\376\377\000P\000E\000N\000U\000T\000U\000P}{}% 74
\BOOKMARK [1][-]{section.5.1}{\376\377\000K\000e\000s\000i\000m\000p\000u\000l\000a\000n}{chapter.5}% 75
\BOOKMARK [1][-]{section.5.2}{\376\377\000S\000a\000r\000a\000n}{chapter.5}% 76
\BOOKMARK [0][-]{section.5.2}{\376\377\000D\000A\000F\000T\000A\000R\000\040\000P\000U\000S\000T\000A\000K\000A}{}% 77
